<?xml version="1.0" encoding="UTF-8"?>
<testng-results skipped="0" failed="0" total="1" passed="1">
  <reporter-output>
  </reporter-output>
  <suite name="Default suite" duration-ms="53593" started-at="2017-06-09T15:40:22Z" finished-at="2017-06-09T15:41:15Z">
    <groups>
    </groups>
    <test name="Default test" duration-ms="53593" started-at="2017-06-09T15:40:22Z" finished-at="2017-06-09T15:41:15Z">
      <class name="testscript.CreateTemplate">
        <test-method status="PASS" signature="setUp()" name="setUp" is-config="true" duration-ms="4065" started-at="2017-06-09T15:40:22Z" finished-at="2017-06-09T15:40:26Z">
        </test-method>
        <test-method status="PASS" signature="openHomePage()" name="openHomePage" is-config="true" duration-ms="10513" started-at="2017-06-09T15:40:26Z" finished-at="2017-06-09T15:40:36Z">
        </test-method>
        <test-method status="PASS" signature="test()" name="test" duration-ms="39002" started-at="2017-06-09T15:40:36Z" finished-at="2017-06-09T15:41:15Z">
        </test-method>
        <test-method status="PASS" signature="tearDown()" name="tearDown" is-config="true" duration-ms="0" started-at="2017-06-09T15:41:15Z" finished-at="2017-06-09T15:41:15Z">
        </test-method>
      </class>
    </test>
  </suite>
</testng-results>
